CRITICAL - 2023-06-27 20:31:34 --> syntax error, unexpected token "endforeach", expecting "elseif" or "else" or "endif"
in APPPATH\Views\lapor\data.php on line 77.
 1 SYSTEMPATH\View\View.php(216): CodeIgniter\View\View->CodeIgniter\View\{closure}()
 2 SYSTEMPATH\Common.php(1137): CodeIgniter\View\View->render('lapor/data', [], true)
 3 APPPATH\Controllers\Lapor.php(37): view('lapor/data', [...])
 4 SYSTEMPATH\CodeIgniter.php(904): App\Controllers\Lapor->data_admin()
 5 SYSTEMPATH\CodeIgniter.php(457): CodeIgniter\CodeIgniter->runController(Object(App\Controllers\Lapor))
 6 SYSTEMPATH\CodeIgniter.php(340): CodeIgniter\CodeIgniter->handleRequest(null, Object(Config\Cache), false)
 7 FCPATH\index.php(66): CodeIgniter\CodeIgniter->run()
CRITICAL - 2023-06-27 20:31:35 --> syntax error, unexpected token "endforeach", expecting "elseif" or "else" or "endif"
in APPPATH\Views\lapor\data.php on line 77.
 1 SYSTEMPATH\View\View.php(216): CodeIgniter\View\View->CodeIgniter\View\{closure}()
 2 SYSTEMPATH\Common.php(1137): CodeIgniter\View\View->render('lapor/data', [], true)
 3 APPPATH\Controllers\Lapor.php(37): view('lapor/data', [...])
 4 SYSTEMPATH\CodeIgniter.php(904): App\Controllers\Lapor->data_admin()
 5 SYSTEMPATH\CodeIgniter.php(457): CodeIgniter\CodeIgniter->runController(Object(App\Controllers\Lapor))
 6 SYSTEMPATH\CodeIgniter.php(340): CodeIgniter\CodeIgniter->handleRequest(null, Object(Config\Cache), false)
 7 FCPATH\index.php(66): CodeIgniter\CodeIgniter->run()
CRITICAL - 2023-06-27 20:31:36 --> syntax error, unexpected token "endforeach", expecting "elseif" or "else" or "endif"
in APPPATH\Views\lapor\data.php on line 77.
 1 SYSTEMPATH\View\View.php(216): CodeIgniter\View\View->CodeIgniter\View\{closure}()
 2 SYSTEMPATH\Common.php(1137): CodeIgniter\View\View->render('lapor/data', [], true)
 3 APPPATH\Controllers\Lapor.php(37): view('lapor/data', [...])
 4 SYSTEMPATH\CodeIgniter.php(904): App\Controllers\Lapor->data_admin()
 5 SYSTEMPATH\CodeIgniter.php(457): CodeIgniter\CodeIgniter->runController(Object(App\Controllers\Lapor))
 6 SYSTEMPATH\CodeIgniter.php(340): CodeIgniter\CodeIgniter->handleRequest(null, Object(Config\Cache), false)
 7 FCPATH\index.php(66): CodeIgniter\CodeIgniter->run()
